<?xml version="1.0" encoding="utf-8"?><testsuites name="pytest tests"><testsuite name="pytest" errors="0" failures="0" skipped="0" tests="11" time="3.572" timestamp="2026-05-19T11:56:59.867060+00:00" hostname="agent-env-c08939f3-1566-4454-9cbd-402d1278a3e8"><testcase classname="backend.tests.test_3d_vault.TestAuth" name="test_me_no_auth" time="0.228" /><testcase classname="backend.tests.test_3d_vault.TestAuth" name="test_me_with_token" time="0.495" /><testcase classname="backend.tests.test_3d_vault.TestProjects" name="test_list_projects_public" time="0.104" /><testcase classname="backend.tests.test_3d_vault.TestProjects" name="test_create_get_update_delete" time="0.747" /><testcase classname="backend.tests.test_3d_vault.TestProjects" name="test_create_unauthorized" time="0.102" /><testcase classname="backend.tests.test_3d_vault.TestFavorites" name="test_favorites_flow" time="0.388" /><testcase classname="backend.tests.test_3d_vault.TestFavorites" name="test_favorites_unauth" time="0.105" /><testcase classname="backend.tests.test_3d_vault.TestPayments" name="test_invalid_package" time="0.101" /><testcase classname="backend.tests.test_3d_vault.TestPayments" name="test_valid_package_basic" time="0.642" /><testcase classname="backend.tests.test_3d_vault.TestPayments" name="test_checkout_unauth" time="0.106" /><testcase classname="backend.tests.test_3d_vault.TestUpload" name="test_upload_unauth" time="0.473" /></testsuite></testsuites>